<?xml version="1.0" encoding="UTF-8"?>
<testsuite name="Cucumber" time="0.216" tests="1" skipped="0" failures="1" errors="0">
<testcase classname="Check logIn" name="Verify login with valid credentials" time="0.032">
<failure/>
<system-out><![CDATA[
Given user on login page....................................................undefined
When user enter UserName and Password.......................................skipped
And user Click on logIn Button..............................................skipped
Then User NAvigate on HomePage..............................................skipped
]]></system-out>
</testcase>
</testsuite>
